2018-03-04 6:56AM - file_get_contents(http://www.userapplepie.com/uapversion.php?getversion=UAP): failed to open stream: HTTP request failed! HTTP/1.1 404 Not Found
 in /www/websites/uap4demo.userapplepie.com/app/Controllers/AdminPanel.php on line 67

Exception information:

           Date: Mar 08, 2018 22:31PM

           Message: SQLSTATE[22001]: String data, right truncated: 1406 Data too long for column 'refer' at row 1

           Code: 22001

           File: /www/websites/uap4demo.userapplepie.com/app/System/Libraries/Database.php

           Line: 114

           Stack trace:

           #0 /www/websites/uap4demo.userapplepie.com/app/System/Libraries/Database.php(114): PDOStatement->execute()
#1 /www/websites/uap4demo.userapplepie.com/app/System/Libraries/SiteStats.php(53): Libs\Database->insert('uap4_sitelogs', Array)
#2 /www/websites/uap4demo.userapplepie.com/app/System/Controller.php(73): Libs\SiteStats::log()
#3 /www/websites/uap4demo.userapplepie.com/app/Controllers/Home.php(25): App\System\Controller->__construct()
#4 /www/websites/uap4demo.userapplepie.com/app/System/Router.php(32): App\Controllers\Home->__construct()
#5 /www/websites/uap4demo.userapplepie.com/public/index.php(45): App\System\Router->__construct()
#6 {main}

           ---------

Exception information:

           Date: Mar 19, 2018 9:09AM

           Message: Call to undefined method App\System\Error::profileError()

           Code: 0

           File: /www/websites/uap4demo.userapplepie.com/app/Controllers/Members.php

           Line: 186

           Stack trace:

           #0 [internal function]: App\Controllers\Members->viewProfile('naladodo')
#1 /www/websites/uap4demo.userapplepie.com/app/System/Router.php(82): call_user_func_array(Array, Array)
#2 /www/websites/uap4demo.userapplepie.com/public/index.php(45): App\System\Router->__construct()
#3 {main}

           ---------

